/home/alekhya/agv_pbot/install/agv_project/lib/python3.10/site-packages/agv_project/goal_sender_node.py
/home/alekhya/agv_pbot/install/agv_project/lib/python3.10/site-packages/agv_project/__init__.py
/home/alekhya/agv_pbot/install/agv_project/lib/python3.10/site-packages/agv_project/__pycache__/goal_sender_node.cpython-310.pyc
/home/alekhya/agv_pbot/install/agv_project/lib/python3.10/site-packages/agv_project/__pycache__/__init__.cpython-310.pyc
/home/alekhya/agv_pbot/install/agv_project/share/ament_index/resource_index/packages/agv_project
/home/alekhya/agv_pbot/install/agv_project/share/agv_project/package.xml
/home/alekhya/agv_pbot/install/agv_project/share/agv_project/launch/navigation.launch.py
/home/alekhya/agv_pbot/install/agv_project/share/agv_project/launch/robot_simulation.launch.py
/home/alekhya/agv_pbot/install/agv_project/share/agv_project/launch/slam.launch.py
/home/alekhya/agv_pbot/install/agv_project/share/agv_project/config/slam_params.yaml
/home/alekhya/agv_pbot/install/agv_project/share/agv_project/config/nav2_params.yaml
/home/alekhya/agv_pbot/install/agv_project/share/agv_project/worlds/warehouse.sdf
/home/alekhya/agv_pbot/install/agv_project/share/agv_project/maps/warehouse.pgm
/home/alekhya/agv_pbot/install/agv_project/share/agv_project/maps/warehouse.yaml
/home/alekhya/agv_pbot/install/agv_project/lib/python3.10/site-packages/agv_project-0.0.0-py3.10.egg-info/PKG-INFO
/home/alekhya/agv_pbot/install/agv_project/lib/python3.10/site-packages/agv_project-0.0.0-py3.10.egg-info/requires.txt
/home/alekhya/agv_pbot/install/agv_project/lib/python3.10/site-packages/agv_project-0.0.0-py3.10.egg-info/dependency_links.txt
/home/alekhya/agv_pbot/install/agv_project/lib/python3.10/site-packages/agv_project-0.0.0-py3.10.egg-info/top_level.txt
/home/alekhya/agv_pbot/install/agv_project/lib/python3.10/site-packages/agv_project-0.0.0-py3.10.egg-info/SOURCES.txt
/home/alekhya/agv_pbot/install/agv_project/lib/python3.10/site-packages/agv_project-0.0.0-py3.10.egg-info/entry_points.txt
/home/alekhya/agv_pbot/install/agv_project/lib/python3.10/site-packages/agv_project-0.0.0-py3.10.egg-info/zip-safe
/home/alekhya/agv_pbot/install/agv_project/lib/agv_project/commander
/home/alekhya/agv_pbot/install/agv_project/lib/agv_project/goal_sender_node
